
> unified-settings-service@1.0.0 start
> node src/app.js

PRAGMA foreign_keys = ON
PRAGMA journal_mode = WAL
📊 数据库连接成功: ./database/settings.db

                CREATE TABLE IF NOT EXISTS users (
                    id TEXT PRIMARY KEY,
                    email TEXT UNIQUE NOT NULL,
                    username TEXT UNIQUE NOT NULL,
                    password TEXT NOT NULL,
                    created_at DATETIME DEFAULT CURRENT_TIMESTAMP,
                    updated_at DATETIME DEFAULT CURRENT_TIMESTAMP
                )
            
User表初始化成功
🚀 统一设置服务已启动: http://localhost:3002
📊 健康检查: http://localhost:3002/health
SELECT * FROM users WHERE email = 'link918@qq.com'
SELECT id, email, username, created_at, updated_at FROM users WHERE id = 'cmmc03v95m7xzqxwewhjt'
SELECT id, email, username, created_at, updated_at FROM users WHERE id = 'cmmc03v95m7xzqxwewhjt'
SELECT id, email, username, created_at, updated_at FROM users WHERE id = 'cmmc03v95m7xzqxwewhjt'
SELECT id, email, username, created_at, updated_at FROM users WHERE id = 'cmmc03v95m7xzqxwewhjt'
SELECT id, email, username, created_at, updated_at FROM users WHERE id = 'cmmc03v95m7xzqxwewhjt'
SELECT id, email, username, created_at, updated_at FROM users WHERE id = 'cmmc03v95m7xzqxwewhjt'
SELECT id, email, username, created_at, updated_at FROM users WHERE id = 'cmmc03v95m7xzqxwewhjt'
SELECT id, email, username, created_at, updated_at FROM users WHERE id = 'cmmc03v95m7xzqxwewhjt'
SELECT id, email, username, created_at, updated_at FROM users WHERE id = 'cmmc03v95m7xzqxwewhjt'
SELECT id, email, username, created_at, updated_at FROM users WHERE id = 'cmmc03v95m7xzqxwewhjt'
SELECT id, email, username, created_at, updated_at FROM users WHERE id = 'cmmc03v95m7xzqxwewhjt'
SELECT id, email, username, created_at, updated_at FROM users WHERE id = 'cmmc03v95m7xzqxwewhjt'
SELECT id, email, username, created_at, updated_at FROM users WHERE id = 'cmmc03v95m7xzqxwewhjt'
SELECT id, email, username, created_at, updated_at FROM users WHERE id = 'cmmc03v95m7xzqxwewhjt'
SELECT id, email, username, created_at, updated_at FROM users WHERE id = 'cmmc03v95m7xzqxwewhjt'
SELECT id, email, username, created_at, updated_at FROM users WHERE id = 'cmmc03v95m7xzqxwewhjt'
SELECT id, email, username, created_at, updated_at FROM users WHERE id = 'cmmc03v95m7xzqxwewhjt'
SELECT id, email, username, created_at, updated_at FROM users WHERE id = 'cmmc03v95m7xzqxwewhjt'
SELECT id, email, username, created_at, updated_at FROM users WHERE id = 'cmmc03v95m7xzqxwewhjt'
SELECT id, email, username, created_at, updated_at FROM users WHERE id = 'cmmc03v95m7xzqxwewhjt'
SELECT id, email, username, created_at, updated_at FROM users WHERE id = 'cmmc03v95m7xzqxwewhjt'
SELECT id, email, username, created_at, updated_at FROM users WHERE id = 'cmmc03v95m7xzqxwewhjt'
SELECT id, email, username, created_at, updated_at FROM users WHERE id = 'cmmc03v95m7xzqxwewhjt'
SELECT id, email, username, created_at, updated_at FROM users WHERE id = 'cmmc03v95m7xzqxwewhjt'
SELECT id, email, username, created_at, updated_at FROM users WHERE id = 'cmmc03v95m7xzqxwewhjt'
SELECT id, email, username, created_at, updated_at FROM users WHERE id = 'cmmc03v95m7xzqxwewhjt'
SELECT id, email, username, created_at, updated_at FROM users WHERE id = 'cmmc03v95m7xzqxwewhjt'
SELECT id, email, username, created_at, updated_at FROM users WHERE id = 'cmmc03v95m7xzqxwewhjt'
SELECT id, email, username, created_at, updated_at FROM users WHERE id = 'cmmc03v95m7xzqxwewhjt'
SELECT id, email, username, created_at, updated_at FROM users WHERE id = 'cmmc03v95m7xzqxwewhjt'
SELECT id, email, username, created_at, updated_at FROM users WHERE id = 'cmmc03v95m7xzqxwewhjt'
SELECT id, email, username, created_at, updated_at FROM users WHERE id = 'cmmc03v95m7xzqxwewhjt'
SELECT id, email, username, created_at, updated_at FROM users WHERE id = 'cmmc03v95m7xzqxwewhjt'
SELECT id, email, username, created_at, updated_at FROM users WHERE id = 'cmmc03v95m7xzqxwewhjt'
SELECT id, email, username, created_at, updated_at FROM users WHERE id = 'cmmc03v95m7xzqxwewhjt'
SELECT id, email, username, created_at, updated_at FROM users WHERE id = 'cmmc03v95m7xzqxwewhjt'
SELECT id, email, username, created_at, updated_at FROM users WHERE id = 'cmmc03v95m7xzqxwewhjt'
SELECT id, email, username, created_at, updated_at FROM users WHERE id = 'cmmc03v95m7xzqxwewhjt'
SELECT id, email, username, created_at, updated_at FROM users WHERE id = 'cmmc03v95m7xzqxwewhjt'
SELECT id, email, username, created_at, updated_at FROM users WHERE id = 'cmmc03v95m7xzqxwewhjt'
SELECT id, email, username, created_at, updated_at FROM users WHERE id = 'cmmc03v95m7xzqxwewhjt'
SELECT id, email, username, created_at, updated_at FROM users WHERE id = 'cmmc03v95m7xzqxwewhjt'
SELECT id, email, username, created_at, updated_at FROM users WHERE id = 'cmmc03v95m7xzqxwewhjt'
SELECT id, email, username, created_at, updated_at FROM users WHERE id = 'cmmc03v95m7xzqxwewhjt'
SELECT id, email, username, created_at, updated_at FROM users WHERE id = 'cmmc03v95m7xzqxwewhjt'
SELECT id, email, username, created_at, updated_at FROM users WHERE id = 'cmmc03v95m7xzqxwewhjt'
SELECT id, email, username, created_at, updated_at FROM users WHERE id = 'cmmc03v95m7xzqxwewhjt'
SELECT id, email, username, created_at, updated_at FROM users WHERE id = 'cmmc03v95m7xzqxwewhjt'
SELECT id, email, username, created_at, updated_at FROM users WHERE id = 'cmmc03v95m7xzqxwewhjt'
SELECT id, email, username, created_at, updated_at FROM users WHERE id = 'cmmc03v95m7xzqxwewhjt'
SELECT id, email, username, created_at, updated_at FROM users WHERE id = 'cmmc03v95m7xzqxwewhjt'
SELECT id, email, username, created_at, updated_at FROM users WHERE id = 'cmmc03v95m7xzqxwewhjt'
SELECT id, email, username, created_at, updated_at FROM users WHERE id = 'cmmc03v95m7xzqxwewhjt'
SELECT * FROM users WHERE email = 'link918@qq.com'
SELECT id, email, username, created_at, updated_at FROM users WHERE id = 'cmmc03v95m7xzqxwewhjt'
SELECT id, email, username, created_at, updated_at FROM users WHERE id = 'cmmc03v95m7xzqxwewhjt'
SELECT id, email, username, created_at, updated_at FROM users WHERE id = 'cmmc03v95m7xzqxwewhjt'
SELECT id, email, username, created_at, updated_at FROM users WHERE id = 'cmmc03v95m7xzqxwewhjt'
SELECT id, email, username, created_at, updated_at FROM users WHERE id = 'cmmc03v95m7xzqxwewhjt'
SELECT id, email, username, created_at, updated_at FROM users WHERE id = 'cmmc03v95m7xzqxwewhjt'
SELECT id, email, username, created_at, updated_at FROM users WHERE id = 'cmmc03v95m7xzqxwewhjt'
SELECT id, email, username, created_at, updated_at FROM users WHERE id = 'cmmc03v95m7xzqxwewhjt'
SELECT id, email, username, created_at, updated_at FROM users WHERE id = 'cmmc03v95m7xzqxwewhjt'
SELECT id, email, username, created_at, updated_at FROM users WHERE id = 'cmmc03v95m7xzqxwewhjt'
SELECT id, email, username, created_at, updated_at FROM users WHERE id = 'cmmc03v95m7xzqxwewhjt'
SELECT id, email, username, created_at, updated_at FROM users WHERE id = 'cmmc03v95m7xzqxwewhjt'
SELECT id, email, username, created_at, updated_at FROM users WHERE id = 'cmmc03v95m7xzqxwewhjt'
SELECT id, email, username, created_at, updated_at FROM users WHERE id = 'cmmc03v95m7xzqxwewhjt'
SELECT id, email, username, created_at, updated_at FROM users WHERE id = 'cmmc03v95m7xzqxwewhjt'
SELECT id, email, username, created_at, updated_at FROM users WHERE id = 'cmmc03v95m7xzqxwewhjt'
SELECT id, email, username, created_at, updated_at FROM users WHERE id = 'cmmc03v95m7xzqxwewhjt'
SELECT id, email, username, created_at, updated_at FROM users WHERE id = 'cmmc03v95m7xzqxwewhjt'
SELECT id, email, username, created_at, updated_at FROM users WHERE id = 'cmmc03v95m7xzqxwewhjt'
SELECT id, email, username, created_at, updated_at FROM users WHERE id = 'cmmc03v95m7xzqxwewhjt'
SELECT id, email, username, created_at, updated_at FROM users WHERE id = 'cmmc03v95m7xzqxwewhjt'
SELECT id, email, username, created_at, updated_at FROM users WHERE id = 'cmmc03v95m7xzqxwewhjt'
SELECT id, email, username, created_at, updated_at FROM users WHERE id = 'cmmc03v95m7xzqxwewhjt'
SELECT * FROM users WHERE email = 'link918@qq.com'
SELECT id, email, username, created_at, updated_at FROM users WHERE id = 'cmmc03v95m7xzqxwewhjt'
SELECT id, email, username, created_at, updated_at FROM users WHERE id = 'cmmc03v95m7xzqxwewhjt'
SELECT id, email, username, created_at, updated_at FROM users WHERE id = 'cmmc03v95m7xzqxwewhjt'
SELECT id, email, username, created_at, updated_at FROM users WHERE id = 'cmmc03v95m7xzqxwewhjt'
SELECT id, email, username, created_at, updated_at FROM users WHERE id = 'cmmc03v95m7xzqxwewhjt'
SELECT id, email, username, created_at, updated_at FROM users WHERE id = 'cmmc03v95m7xzqxwewhjt'
SELECT id, email, username, created_at, updated_at FROM users WHERE id = 'cmmc03v95m7xzqxwewhjt'
SELECT id, email, username, created_at, updated_at FROM users WHERE id = 'cmmc03v95m7xzqxwewhjt'
SELECT id, email, username, created_at, updated_at FROM users WHERE id = 'cmmc03v95m7xzqxwewhjt'
SELECT id, email, username, created_at, updated_at FROM users WHERE id = 'cmmc03v95m7xzqxwewhjt'
SELECT id, email, username, created_at, updated_at FROM users WHERE id = 'cmmc03v95m7xzqxwewhjt'
SELECT id, email, username, created_at, updated_at FROM users WHERE id = 'cmmc03v95m7xzqxwewhjt'
SELECT id, email, username, created_at, updated_at FROM users WHERE id = 'cmmc03v95m7xzqxwewhjt'
SELECT id, email, username, created_at, updated_at FROM users WHERE id = 'cmmc03v95m7xzqxwewhjt'
SELECT id, email, username, created_at, updated_at FROM users WHERE id = 'cmmc03v95m7xzqxwewhjt'
